#-----------------------------------------------------------
# Vivado v2020.1 (64-bit)
# SW Build 2902540 on Wed May 27 19:54:49 MDT 2020
# IP Build 2902112 on Wed May 27 22:43:36 MDT 2020
# Start of session at: Fri Feb 17 12:38:44 2023
# Process ID: 55272
# Current directory: C:/Users/angel/ECE460M_Lab3
# Command line: vivado.exe -gui_launcher_event rodinguilauncherevent16032 C:\Users\angel\ECE460M_Lab3\ECE460M_Lab3.xpr
# Log file: C:/Users/angel/ECE460M_Lab3/vivado.log
# Journal file: C:/Users/angel/ECE460M_Lab3\vivado.jou
#-----------------------------------------------------------
start_gui
open_project C:/Users/angel/ECE460M_Lab3/ECE460M_Lab3.xpr
Scanning sources...
Finished scanning sources
INFO: [IP_Flow 19-234] Refreshing IP repositories
INFO: [IP_Flow 19-1704] No user IP repositories specified
INFO: [IP_Flow 19-2313] Loaded Vivado IP repository 'C:/Xilinx/Vivado/2020.1/data/ip'.
open_project: Time (s): cpu = 00:00:17 ; elapsed = 00:00:07 . Memory (MB): peak = 1025.180 ; gain = 0.000
update_compile_order -fileset sources_1
close [ open C:/Users/angel/ECE460M_Lab3/ECE460M_Lab3.srcs/sources_1/new/PulseGenerator.v w ]
add_files C:/Users/angel/ECE460M_Lab3/ECE460M_Lab3.srcs/sources_1/new/PulseGenerator.v
update_compile_order -fileset sources_1
close [ open C:/Users/angel/ECE460M_Lab3/ECE460M_Lab3.srcs/sources_1/new/Top.v w ]
add_files C:/Users/angel/ECE460M_Lab3/ECE460M_Lab3.srcs/sources_1/new/Top.v
update_compile_order -fileset sources_1
close [ open C:/Users/angel/ECE460M_Lab3/ECE460M_Lab3.srcs/sources_1/new/Binary2BCD.v w ]
add_files C:/Users/angel/ECE460M_Lab3/ECE460M_Lab3.srcs/sources_1/new/Binary2BCD.v
update_compile_order -fileset sources_1
close [ open C:/Users/angel/ECE460M_Lab3/ECE460M_Lab3.srcs/sources_1/new/BCD_7seg.v w ]
add_files C:/Users/angel/ECE460M_Lab3/ECE460M_Lab3.srcs/sources_1/new/BCD_7seg.v
update_compile_order -fileset sources_1
set_property top Top [current_fileset]
update_compile_order -fileset sources_1
close [ open C:/Users/angel/ECE460M_Lab3/ECE460M_Lab3.srcs/sources_1/new/mux.v w ]
add_files C:/Users/angel/ECE460M_Lab3/ECE460M_Lab3.srcs/sources_1/new/mux.v
update_compile_order -fileset sources_1
exit
INFO: [Common 17-206] Exiting Vivado at Sun Feb 19 19:08:40 2023...
